Hola mundo!
PID[5466] Timer -> Write
PID[5466] firefox-bin -> Read
PID[5466] firefox-bin -> Write
PID[5466] MemoryPoller -> Read
PID[5466] firefox-bin -> Read
PID[5466] MemoryPoller -> Read
PID[5466] MemoryPoller -> Read
PID[5466] Timer -> Write
PID[5466] firefox-bin -> Read
PID[5466] firefox-bin -> Write
PID[5466] firefox-bin -> Read
PID[5466] Timer -> Write
PID[5466] firefox-bin -> Read
PID[5466] firefox-bin -> Write
PID[5466] firefox-bin -> Read
PID[5466] firefox-bin -> Write
PID[5466] firefox-bin -> Read
PID[5466] IPC I/O Parent -> Write
PID[5466] glean.dispatche -> Write
PID[5466] firefox-bin -> Read
PID[5466] firefox-bin -> Write
PID[5466] firefox-bin -> Read
PID[5466] IPC I/O Parent -> Write
PID[5466] firefox-bin -> Read
PID[5466] IPC I/O Parent -> Write
PID[5466] firefox-bin -> Read
PID[5466] IPC I/O Parent -> Write
PID[5466] firefox-bin -> Read
PID[5466] IPC I/O Parent -> Write
PID[5466] firefox-bin -> Read
PID[5466] IPC I/O Parent -> Write
PID[5466] firefox-bin -> Read
PID[5466] firefox-bin -> Write
PID[5466] firefox-bin -> Read
PID[5466] firefox-bin -> Write
PID[5466] firefox-bin -> Read
PID[5466] firefox-bin -> Write
PID[5466] firefox-bin -> Read
PID[5466] firefox-bin -> Write
PID[5466] firefox-bin -> Read
PID[5466] firefox-bin -> Write
PID[5466] firefox-bin -> Read
PID[5466] firefox-bin -> Write
PID[5466] firefox-bin -> Read
PID[5466] firefox-bin -> Write
PID[5466] firefox-bin -> Read
PID[1774] code -> Write
PID[1774] Chrome_ChildIOT -> Read
PID[1774] code -> Write
PID[1774] Chrome_ChildIOT -> Read
PID[5466] Timer -> Write
PID[5466] firefox-bin -> Read
PID[5466] firefox-bin -> Write
PID[5466] firefox-bin -> Read
PID[5466] MemoryPoller -> Read
PID[5466] MemoryPoller -> Read
PID[5466] MemoryPoller -> Read
PID[5466] IPC I/O Parent -> Write
PID[5466] firefox-bin -> Read
PID[5466] firefox-bin -> Write
PID[5466] firefox-bin -> Read
PID[5466] firefox-bin -> Write
PID[5466] firefox-bin -> Read
PID[5466] firefox-bin -> Write
PID[5466] firefox-bin -> Read
PID[5466] IPC I/O Parent -> Write
PID[5466] firefox-bin -> Read
PID[5466] firefox-bin -> Write
PID[5466] firefox-bin -> Read
PID[5466] firefox-bin -> Write
PID[5466] firefox-bin -> Read
PID[5466] firefox-bin -> Write
PID[5466] firefox-bin -> Read
PID[5466] firefox-bin -> Write
PID[5466] firefox-bin -> Read
PID[5466] firefox-bin -> Write
PID[5466] firefox-bin -> Read
PID[5466] firefox-bin -> Write
PID[5466] firefox-bin -> Read
PID[5466] firefox-bin -> Write
PID[5466] firefox-bin -> Read
PID[5466] firefox-bin -> Write
PID[5466] firefox-bin -> Read
PID[5466] firefox-bin -> Write
PID[5466] firefox-bin -> Read
PID[5466] firefox-bin -> Write
PID[5466] firefox-bin -> Read
PID[5466] firefox-bin -> Write
PID[5466] firefox-bin -> Read
PID[5466] firefox-bin -> Write
PID[5466] firefox-bin -> Read
PID[5466] firefox-bin -> Write
PID[5466] firefox-bin -> Read
PID[5466] firefox-bin -> Write
PID[5466] firefox-bin -> Read
PID[5466] firefox-bin -> Write
PID[5466] firefox-bin -> Read
PID[5466] firefox-bin -> Write
PID[5466] firefox-bin -> Read
PID[5466] firefox-bin -> Write
PID[5466] firefox-bin -> Read
PID[5466] firefox-bin -> Write
PID[5466] firefox-bin -> Read
PID[1774] code -> Write
PID[1774] Chrome_ChildIOT -> Read
PID[1774] code -> Write
PID[1774] Chrome_ChildIOT -> Read
PID[1774] code -> Write
PID[1774] Chrome_ChildIOT -> Read
PID[1774] code -> Write
PID[1774] Chrome_ChildIOT -> Read
PID[5466] Timer -> Write
PID[5466] firefox-bin -> Read
PID[5466] firefox-bin -> Write
PID[5466] firefox-bin -> Read
PID[5466] MemoryPoller -> Read
PID[5466] MemoryPoller -> Read
PID[5466] MemoryPoller -> Read
PID[1774] code -> Write
PID[1774] Chrome_ChildIOT -> Read
PID[1774] code -> Write
PID[1774] Chrome_ChildIOT -> Read
PID[1774] code -> Write
PID[1774] Chrome_ChildIOT -> Read
PID[1774] code -> Write
PID[1774] Chrome_ChildIOT -> Read
PID[1774] code -> Write
PID[1774] Chrome_ChildIOT -> Read
