------------------------------------------CARGA DE USUARIOS------------------------------------------
Fecha: 2024-06-14 00:46:40
Usuarios Cargados:
Hilo #1: 32
Hilo #2: 31
Hilo #3: 31
Total: 94
Errores:
-
Linea #7: Error en el campo 'saldo' en el registro 7: se espera un saldo válido y positivo
-
Linea #19: Error en el campo 'saldo' en el registro 19: se espera un saldo válido y positivo
-
Linea #25: Error en el campo 'saldo' en el registro 25: se espera un saldo válido y positivo
-
Linea #31: Error en el registro 31: número de cuenta duplicado
-
Linea #41: Error en el campo 'saldo' en el registro 41: se espera un saldo válido y positivo
-
Linea #56: Error en el registro 56: número de cuenta duplicado
-
Linea #59: Error en el registro 59: número de cuenta duplicado
-
Linea #69: Error en el campo 'saldo' en el registro 69: se espera un saldo válido y positivo
-
Linea #91: Error en el campo 'saldo' en el registro 91: se espera un saldo válido y positivo
-
Linea #100: Error en el registro 100: número de cuenta duplicado
